c:\users\djura\desktop\pj\seminarski rad\seminarski\seminarski\debug\vc100.pdb
c:\users\djura\desktop\pj\seminarski rad\seminarski\seminarski\debug\main.obj
c:\users\djura\desktop\pj\seminarski rad\seminarski\debug\seminarski.ilk
c:\users\djura\desktop\pj\seminarski rad\seminarski\debug\seminarski.exe
c:\users\djura\desktop\pj\seminarski rad\seminarski\seminarski\debug\seminarski.exe.intermediate.manifest
c:\users\djura\desktop\pj\seminarski rad\seminarski\debug\seminarski.pdb
c:\users\djura\desktop\pj\seminarski rad\seminarski\seminarski\debug\seminarski.exe.embed.manifest
c:\users\djura\desktop\pj\seminarski rad\seminarski\seminarski\debug\seminarski.exe.embed.manifest.res
c:\users\djura\desktop\fakultet\druga godina\treci semestar\programski jezici\pj\seminarski rad\seminarski\seminarski\debug\vc142.pdb
c:\users\djura\desktop\fakultet\druga godina\treci semestar\programski jezici\pj\seminarski rad\seminarski\seminarski\debug\vc142.idb
c:\users\djura\desktop\fakultet\druga godina\treci semestar\programski jezici\pj\seminarski rad\seminarski\seminarski\debug\main.obj
c:\users\djura\desktop\fakultet\druga godina\treci semestar\programski jezici\pj\seminarski rad\seminarski\seminarski\debug\seminarski.vcxprojresolveassemblyreference.cache
c:\users\djura\desktop\fakultet\druga godina\treci semestar\programski jezici\pj\seminarski rad\seminarski\seminarski\debug\cl.command.1.tlog
c:\users\djura\desktop\fakultet\druga godina\treci semestar\programski jezici\pj\seminarski rad\seminarski\seminarski\debug\cl.read.1.tlog
c:\users\djura\desktop\fakultet\druga godina\treci semestar\programski jezici\pj\seminarski rad\seminarski\seminarski\debug\cl.write.1.tlog
c:\users\djura\desktop\fakultet\druga godina\treci semestar\programski jezici\pj\seminarski rad\seminarski\seminarski\debug\link-cvtres.read.1.tlog
c:\users\djura\desktop\fakultet\druga godina\treci semestar\programski jezici\pj\seminarski rad\seminarski\seminarski\debug\link-cvtres.write.1.tlog
c:\users\djura\desktop\fakultet\druga godina\treci semestar\programski jezici\pj\seminarski rad\seminarski\seminarski\debug\link.10100-cvtres.read.1.tlog
c:\users\djura\desktop\fakultet\druga godina\treci semestar\programski jezici\pj\seminarski rad\seminarski\seminarski\debug\link.10100-cvtres.write.1.tlog
c:\users\djura\desktop\fakultet\druga godina\treci semestar\programski jezici\pj\seminarski rad\seminarski\seminarski\debug\link.10100.read.1.tlog
c:\users\djura\desktop\fakultet\druga godina\treci semestar\programski jezici\pj\seminarski rad\seminarski\seminarski\debug\link.10100.write.1.tlog
c:\users\djura\desktop\fakultet\druga godina\treci semestar\programski jezici\pj\seminarski rad\seminarski\seminarski\debug\link.12128-cvtres.read.1.tlog
c:\users\djura\desktop\fakultet\druga godina\treci semestar\programski jezici\pj\seminarski rad\seminarski\seminarski\debug\link.12128-cvtres.write.1.tlog
c:\users\djura\desktop\fakultet\druga godina\treci semestar\programski jezici\pj\seminarski rad\seminarski\seminarski\debug\link.12128.read.1.tlog
c:\users\djura\desktop\fakultet\druga godina\treci semestar\programski jezici\pj\seminarski rad\seminarski\seminarski\debug\link.12128.write.1.tlog
c:\users\djura\desktop\fakultet\druga godina\treci semestar\programski jezici\pj\seminarski rad\seminarski\seminarski\debug\link.12296-cvtres.read.1.tlog
c:\users\djura\desktop\fakultet\druga godina\treci semestar\programski jezici\pj\seminarski rad\seminarski\seminarski\debug\link.12296-cvtres.write.1.tlog
c:\users\djura\desktop\fakultet\druga godina\treci semestar\programski jezici\pj\seminarski rad\seminarski\seminarski\debug\link.12296.read.1.tlog
c:\users\djura\desktop\fakultet\druga godina\treci semestar\programski jezici\pj\seminarski rad\seminarski\seminarski\debug\link.12296.write.1.tlog
c:\users\djura\desktop\fakultet\druga godina\treci semestar\programski jezici\pj\seminarski rad\seminarski\seminarski\debug\link.12492-cvtres.read.1.tlog
c:\users\djura\desktop\fakultet\druga godina\treci semestar\programski jezici\pj\seminarski rad\seminarski\seminarski\debug\link.12492-cvtres.write.1.tlog
c:\users\djura\desktop\fakultet\druga godina\treci semestar\programski jezici\pj\seminarski rad\seminarski\seminarski\debug\link.12492.read.1.tlog
c:\users\djura\desktop\fakultet\druga godina\treci semestar\programski jezici\pj\seminarski rad\seminarski\seminarski\debug\link.12492.write.1.tlog
c:\users\djura\desktop\fakultet\druga godina\treci semestar\programski jezici\pj\seminarski rad\seminarski\seminarski\debug\link.1364-cvtres.read.1.tlog
c:\users\djura\desktop\fakultet\druga godina\treci semestar\programski jezici\pj\seminarski rad\seminarski\seminarski\debug\link.1364-cvtres.write.1.tlog
c:\users\djura\desktop\fakultet\druga godina\treci semestar\programski jezici\pj\seminarski rad\seminarski\seminarski\debug\link.1364.read.1.tlog
c:\users\djura\desktop\fakultet\druga godina\treci semestar\programski jezici\pj\seminarski rad\seminarski\seminarski\debug\link.1364.write.1.tlog
c:\users\djura\desktop\fakultet\druga godina\treci semestar\programski jezici\pj\seminarski rad\seminarski\seminarski\debug\link.13832-cvtres.read.1.tlog
c:\users\djura\desktop\fakultet\druga godina\treci semestar\programski jezici\pj\seminarski rad\seminarski\seminarski\debug\link.13832-cvtres.write.1.tlog
c:\users\djura\desktop\fakultet\druga godina\treci semestar\programski jezici\pj\seminarski rad\seminarski\seminarski\debug\link.13832.read.1.tlog
c:\users\djura\desktop\fakultet\druga godina\treci semestar\programski jezici\pj\seminarski rad\seminarski\seminarski\debug\link.13832.write.1.tlog
c:\users\djura\desktop\fakultet\druga godina\treci semestar\programski jezici\pj\seminarski rad\seminarski\seminarski\debug\link.14340-cvtres.read.1.tlog
c:\users\djura\desktop\fakultet\druga godina\treci semestar\programski jezici\pj\seminarski rad\seminarski\seminarski\debug\link.14340-cvtres.write.1.tlog
c:\users\djura\desktop\fakultet\druga godina\treci semestar\programski jezici\pj\seminarski rad\seminarski\seminarski\debug\link.14340.read.1.tlog
c:\users\djura\desktop\fakultet\druga godina\treci semestar\programski jezici\pj\seminarski rad\seminarski\seminarski\debug\link.14340.write.1.tlog
c:\users\djura\desktop\fakultet\druga godina\treci semestar\programski jezici\pj\seminarski rad\seminarski\seminarski\debug\link.18204-cvtres.read.1.tlog
c:\users\djura\desktop\fakultet\druga godina\treci semestar\programski jezici\pj\seminarski rad\seminarski\seminarski\debug\link.18204-cvtres.write.1.tlog
c:\users\djura\desktop\fakultet\druga godina\treci semestar\programski jezici\pj\seminarski rad\seminarski\seminarski\debug\link.18204.read.1.tlog
c:\users\djura\desktop\fakultet\druga godina\treci semestar\programski jezici\pj\seminarski rad\seminarski\seminarski\debug\link.18204.write.1.tlog
c:\users\djura\desktop\fakultet\druga godina\treci semestar\programski jezici\pj\seminarski rad\seminarski\seminarski\debug\link.18676-cvtres.read.1.tlog
c:\users\djura\desktop\fakultet\druga godina\treci semestar\programski jezici\pj\seminarski rad\seminarski\seminarski\debug\link.18676-cvtres.write.1.tlog
c:\users\djura\desktop\fakultet\druga godina\treci semestar\programski jezici\pj\seminarski rad\seminarski\seminarski\debug\link.18676.read.1.tlog
c:\users\djura\desktop\fakultet\druga godina\treci semestar\programski jezici\pj\seminarski rad\seminarski\seminarski\debug\link.18676.write.1.tlog
c:\users\djura\desktop\fakultet\druga godina\treci semestar\programski jezici\pj\seminarski rad\seminarski\seminarski\debug\link.19128-cvtres.read.1.tlog
c:\users\djura\desktop\fakultet\druga godina\treci semestar\programski jezici\pj\seminarski rad\seminarski\seminarski\debug\link.19128-cvtres.write.1.tlog
c:\users\djura\desktop\fakultet\druga godina\treci semestar\programski jezici\pj\seminarski rad\seminarski\seminarski\debug\link.19128.read.1.tlog
c:\users\djura\desktop\fakultet\druga godina\treci semestar\programski jezici\pj\seminarski rad\seminarski\seminarski\debug\link.19128.write.1.tlog
c:\users\djura\desktop\fakultet\druga godina\treci semestar\programski jezici\pj\seminarski rad\seminarski\seminarski\debug\link.19400-cvtres.read.1.tlog
c:\users\djura\desktop\fakultet\druga godina\treci semestar\programski jezici\pj\seminarski rad\seminarski\seminarski\debug\link.19400-cvtres.write.1.tlog
c:\users\djura\desktop\fakultet\druga godina\treci semestar\programski jezici\pj\seminarski rad\seminarski\seminarski\debug\link.19400.read.1.tlog
c:\users\djura\desktop\fakultet\druga godina\treci semestar\programski jezici\pj\seminarski rad\seminarski\seminarski\debug\link.19400.write.1.tlog
c:\users\djura\desktop\fakultet\druga godina\treci semestar\programski jezici\pj\seminarski rad\seminarski\seminarski\debug\link.3808-cvtres.read.1.tlog
c:\users\djura\desktop\fakultet\druga godina\treci semestar\programski jezici\pj\seminarski rad\seminarski\seminarski\debug\link.3808-cvtres.write.1.tlog
c:\users\djura\desktop\fakultet\druga godina\treci semestar\programski jezici\pj\seminarski rad\seminarski\seminarski\debug\link.3808.read.1.tlog
c:\users\djura\desktop\fakultet\druga godina\treci semestar\programski jezici\pj\seminarski rad\seminarski\seminarski\debug\link.3808.write.1.tlog
c:\users\djura\desktop\fakultet\druga godina\treci semestar\programski jezici\pj\seminarski rad\seminarski\seminarski\debug\link.3912-cvtres.read.1.tlog
c:\users\djura\desktop\fakultet\druga godina\treci semestar\programski jezici\pj\seminarski rad\seminarski\seminarski\debug\link.3912-cvtres.write.1.tlog
c:\users\djura\desktop\fakultet\druga godina\treci semestar\programski jezici\pj\seminarski rad\seminarski\seminarski\debug\link.3912.read.1.tlog
c:\users\djura\desktop\fakultet\druga godina\treci semestar\programski jezici\pj\seminarski rad\seminarski\seminarski\debug\link.3912.write.1.tlog
c:\users\djura\desktop\fakultet\druga godina\treci semestar\programski jezici\pj\seminarski rad\seminarski\seminarski\debug\link.4192-cvtres.read.1.tlog
c:\users\djura\desktop\fakultet\druga godina\treci semestar\programski jezici\pj\seminarski rad\seminarski\seminarski\debug\link.4192-cvtres.write.1.tlog
c:\users\djura\desktop\fakultet\druga godina\treci semestar\programski jezici\pj\seminarski rad\seminarski\seminarski\debug\link.4192.read.1.tlog
c:\users\djura\desktop\fakultet\druga godina\treci semestar\programski jezici\pj\seminarski rad\seminarski\seminarski\debug\link.4192.write.1.tlog
c:\users\djura\desktop\fakultet\druga godina\treci semestar\programski jezici\pj\seminarski rad\seminarski\seminarski\debug\link.6992-cvtres.read.1.tlog
c:\users\djura\desktop\fakultet\druga godina\treci semestar\programski jezici\pj\seminarski rad\seminarski\seminarski\debug\link.6992-cvtres.write.1.tlog
c:\users\djura\desktop\fakultet\druga godina\treci semestar\programski jezici\pj\seminarski rad\seminarski\seminarski\debug\link.6992.read.1.tlog
c:\users\djura\desktop\fakultet\druga godina\treci semestar\programski jezici\pj\seminarski rad\seminarski\seminarski\debug\link.6992.write.1.tlog
c:\users\djura\desktop\fakultet\druga godina\treci semestar\programski jezici\pj\seminarski rad\seminarski\seminarski\debug\link.8328-cvtres.read.1.tlog
c:\users\djura\desktop\fakultet\druga godina\treci semestar\programski jezici\pj\seminarski rad\seminarski\seminarski\debug\link.8328-cvtres.write.1.tlog
c:\users\djura\desktop\fakultet\druga godina\treci semestar\programski jezici\pj\seminarski rad\seminarski\seminarski\debug\link.8328.read.1.tlog
c:\users\djura\desktop\fakultet\druga godina\treci semestar\programski jezici\pj\seminarski rad\seminarski\seminarski\debug\link.8328.write.1.tlog
c:\users\djura\desktop\fakultet\druga godina\treci semestar\programski jezici\pj\seminarski rad\seminarski\seminarski\debug\link.8444-cvtres.read.1.tlog
c:\users\djura\desktop\fakultet\druga godina\treci semestar\programski jezici\pj\seminarski rad\seminarski\seminarski\debug\link.8444-cvtres.write.1.tlog
c:\users\djura\desktop\fakultet\druga godina\treci semestar\programski jezici\pj\seminarski rad\seminarski\seminarski\debug\link.8444.read.1.tlog
c:\users\djura\desktop\fakultet\druga godina\treci semestar\programski jezici\pj\seminarski rad\seminarski\seminarski\debug\link.8444.write.1.tlog
c:\users\djura\desktop\fakultet\druga godina\treci semestar\programski jezici\pj\seminarski rad\seminarski\seminarski\debug\link.8660-cvtres.read.1.tlog
c:\users\djura\desktop\fakultet\druga godina\treci semestar\programski jezici\pj\seminarski rad\seminarski\seminarski\debug\link.8660-cvtres.write.1.tlog
c:\users\djura\desktop\fakultet\druga godina\treci semestar\programski jezici\pj\seminarski rad\seminarski\seminarski\debug\link.8660.read.1.tlog
c:\users\djura\desktop\fakultet\druga godina\treci semestar\programski jezici\pj\seminarski rad\seminarski\seminarski\debug\link.8660.write.1.tlog
c:\users\djura\desktop\fakultet\druga godina\treci semestar\programski jezici\pj\seminarski rad\seminarski\seminarski\debug\link.8704-cvtres.read.1.tlog
c:\users\djura\desktop\fakultet\druga godina\treci semestar\programski jezici\pj\seminarski rad\seminarski\seminarski\debug\link.8704-cvtres.write.1.tlog
c:\users\djura\desktop\fakultet\druga godina\treci semestar\programski jezici\pj\seminarski rad\seminarski\seminarski\debug\link.8704.read.1.tlog
c:\users\djura\desktop\fakultet\druga godina\treci semestar\programski jezici\pj\seminarski rad\seminarski\seminarski\debug\link.8704.write.1.tlog
c:\users\djura\desktop\fakultet\druga godina\treci semestar\programski jezici\pj\seminarski rad\seminarski\seminarski\debug\link.9596-cvtres.read.1.tlog
c:\users\djura\desktop\fakultet\druga godina\treci semestar\programski jezici\pj\seminarski rad\seminarski\seminarski\debug\link.9596-cvtres.write.1.tlog
c:\users\djura\desktop\fakultet\druga godina\treci semestar\programski jezici\pj\seminarski rad\seminarski\seminarski\debug\link.9596.read.1.tlog
c:\users\djura\desktop\fakultet\druga godina\treci semestar\programski jezici\pj\seminarski rad\seminarski\seminarski\debug\link.9596.write.1.tlog
c:\users\djura\desktop\fakultet\druga godina\treci semestar\programski jezici\pj\seminarski rad\seminarski\seminarski\debug\link.command.1.tlog
c:\users\djura\desktop\fakultet\druga godina\treci semestar\programski jezici\pj\seminarski rad\seminarski\seminarski\debug\link.read.1.tlog
c:\users\djura\desktop\fakultet\druga godina\treci semestar\programski jezici\pj\seminarski rad\seminarski\seminarski\debug\link.write.1.tlog
c:\users\djura\desktop\fakultet\druga godina\treci semestar\programski jezici\pj\seminarski rad\seminarski\seminarski\debug\mt.command.1.tlog
c:\users\djura\desktop\fakultet\druga godina\treci semestar\programski jezici\pj\seminarski rad\seminarski\seminarski\debug\mt.read.1.tlog
c:\users\djura\desktop\fakultet\druga godina\treci semestar\programski jezici\pj\seminarski rad\seminarski\seminarski\debug\mt.write.1.tlog
c:\users\djura\desktop\fakultet\druga godina\treci semestar\programski jezici\pj\seminarski rad\seminarski\seminarski\debug\rc.command.1.tlog
c:\users\djura\desktop\fakultet\druga godina\treci semestar\programski jezici\pj\seminarski rad\seminarski\seminarski\debug\rc.read.1.tlog
c:\users\djura\desktop\fakultet\druga godina\treci semestar\programski jezici\pj\seminarski rad\seminarski\seminarski\debug\rc.write.1.tlog
c:\users\djura\desktop\fakultet\druga godina\treci semestar\programski jezici\pj\seminarski rad\seminarski\seminarski\debug\seminarski.write.1.tlog
c:\users\djura\desktop\fakultet\druga godina\treci semestar\programski jezici\pj\seminarski rad\seminarski\seminarski\debug\seminarski.exe.embed.manifest
c:\users\djura\desktop\fakultet\druga godina\treci semestar\programski jezici\pj\seminarski rad\seminarski\seminarski\debug\seminarski.exe.intermediate.manifest
c:\users\djura\desktop\fakultet\druga godina\treci semestar\programski jezici\pj\seminarski rad\seminarski\seminarski\debug\seminarski.exe.embed.manifest.res
c:\users\djura\desktop\fakultet\druga godina\treci semestar\programski jezici\pj\seminarski rad\seminarski\seminarski\debug\vc100.idb
c:\users\djura\desktop\fakultet\druga godina\treci semestar\programski jezici\pj\seminarski rad\seminarski\seminarski\debug\vc100.pdb
c:\users\djura\desktop\fakultet\druga godina\treci semestar\programski jezici\pj\seminarski rad\seminarski\seminarski\debug\seminarski_manifest.rc
c:\users\djura\desktop\fakultet\druga godina\treci semestar\programski jezici\pj\seminarski rad\seminarski\debug\seminarski.pdb
c:\users\djura\desktop\fakultet\druga godina\treci semestar\programski jezici\pj\seminarski rad\seminarski\debug\seminarski.ilk
c:\users\djura\desktop\fakultet\druga godina\treci semestar\programski jezici\pj\seminarski rad\seminarski\seminarski\debug\seminarski.tlog\cl.command.1.tlog
c:\users\djura\desktop\fakultet\druga godina\treci semestar\programski jezici\pj\seminarski rad\seminarski\seminarski\debug\seminarski.tlog\cl.read.1.tlog
c:\users\djura\desktop\fakultet\druga godina\treci semestar\programski jezici\pj\seminarski rad\seminarski\seminarski\debug\seminarski.tlog\cl.write.1.tlog
c:\users\djura\desktop\fakultet\druga godina\treci semestar\programski jezici\pj\seminarski rad\seminarski\seminarski\debug\seminarski.tlog\link-cvtres.read.1.tlog
c:\users\djura\desktop\fakultet\druga godina\treci semestar\programski jezici\pj\seminarski rad\seminarski\seminarski\debug\seminarski.tlog\link-cvtres.write.1.tlog
c:\users\djura\desktop\fakultet\druga godina\treci semestar\programski jezici\pj\seminarski rad\seminarski\seminarski\debug\seminarski.tlog\link-rc.read.1.tlog
c:\users\djura\desktop\fakultet\druga godina\treci semestar\programski jezici\pj\seminarski rad\seminarski\seminarski\debug\seminarski.tlog\link-rc.write.1.tlog
c:\users\djura\desktop\fakultet\druga godina\treci semestar\programski jezici\pj\seminarski rad\seminarski\seminarski\debug\seminarski.tlog\link.command.1.tlog
c:\users\djura\desktop\fakultet\druga godina\treci semestar\programski jezici\pj\seminarski rad\seminarski\seminarski\debug\seminarski.tlog\link.read.1.tlog
c:\users\djura\desktop\fakultet\druga godina\treci semestar\programski jezici\pj\seminarski rad\seminarski\seminarski\debug\seminarski.tlog\link.write.1.tlog
